rule #1: EXPANDING Program
rule #2: EXPANDING Prog_Head
rule #3: "MP_PROGRAM" REACHED
rule #3: EXPANDING Prog_Id
rule #2: "MP_SCOLON" REACHED
rule #2: EXPANDING Block
rule #4: EXPANDING Var_Dec_Part
rule #5: "MP_VAR" REACHED
rule #5: EXPANDING Var_Dec
rule #5: "MP_SCOLON" REACHED
rule #5: EXPANDING Var_Dec_Tail
rule #4: EXPANDING Proc_Func_Dec_Part
rule #4: EXPANDING Var_Dec_Part
rule #4: EXPANDING Proc_Func_Dec_Part
rule #4: EXPANDING Statement_Part
rule #4: EXPANDING Var_Dec_Part
rule #4: EXPANDING Proc_Func_Dec_Part
rule #4: EXPANDING Statement_Part
rule #4: EXPANDING Var_Dec_Part
rule #4: EXPANDING Proc_Func_Dec_Part
rule #4: EXPANDING Statement_Part
rule #4: EXPANDING Var_Dec_Part
rule #4: EXPANDING Proc_Func_Dec_Part
rule #4: EXPANDING Statement_Part
rule #4: EXPANDING Statement_Part
rule #2: "MP_PERIOD" REACHED
rule #1: "MP_EOF" REACHED
